Arguments: 
  C:\Program Files\nodejs\node.exe C:\Users\mikaa\AppData\Roaming\npm\node_modules\yarn\bin\yarn.js add express@4.17.1

PATH: 
  C:\Program Files (x86)\Common Files\Oracle\Java\javapath;C:\Program Files (x86)\Common Files\Intel\Shared Libraries\redist\intel64\compiler;C:\Program Files\Python311\Scripts\;C:\Program Files\Python311\;C:\WINDOWS\system32;C:\WINDOWS;C:\WINDOWS\System32\Wbem;C:\WINDOWS\System32\WindowsPowerShell\v1.0\;C:\WINDOWS\System32\OpenSSH\;C:\Program Files\dotnet\;C:\Program Files\Git\cmd;C:\Program Files\Meld\;C:\Program Files\nodejs\;C:\Users\mikaa\AppData\Local\Microsoft\WindowsApps;;C:\Users\mikaa\AppData\Local\Programs\Microsoft VS Code\bin;C:\Users\mikaa\AppData\Roaming\npm

Yarn version: 
  1.22.19

Node version: 
  16.14.0

Platform: 
  win32 x64

Trace: 
  SyntaxError: C:\Kodilla\ToDoApp\package.json: Unexpected end of JSON input
      at JSON.parse (<anonymous>)
      at C:\Users\mikaa\AppData\Roaming\npm\node_modules\yarn\lib\cli.js:1629:59
      at Generator.next (<anonymous>)
      at step (C:\Users\mikaa\AppData\Roaming\npm\node_modules\yarn\lib\cli.js:310:30)
      at C:\Users\mikaa\AppData\Roaming\npm\node_modules\yarn\lib\cli.js:321:13

npm manifest: 
  

yarn manifest: 
  No manifest

Lockfile: 
  No lockfile
